#
# There is insufficient memory for the Java Runtime Environment to continue.
# Native memory allocation (mmap) failed to map 134217728 bytes for Failed to commit area from 0x0000000081e00000 to 0x0000000089e00000 of length 134217728.
# Possible reasons:
#   The system is out of physical RAM or swap space
#   The process is running with CompressedOops enabled, and the Java Heap may be blocking the growth of the native heap
# Possible solutions:
#   Reduce memory load on the system
#   Increase physical memory or swap space
#   Check if swap backing store is full
#   Decrease Java heap size (-Xmx/-Xms)
#   Decrease number of Java threads
#   Decrease Java thread stack sizes (-Xss)
#   Set larger code cache with -XX:ReservedCodeCacheSize=
# This output file may be truncated or incomplete.
#
#  Out of Memory Error (./src/hotspot/os/windows/os_windows.cpp:3301), pid=7732, tid=11928
#
# JRE version:  (11.0.10) (build )
# Java VM: OpenJDK 64-Bit Server VM (11.0.10+0-b96-7249189, mixed mode, sharing, tiered, compressed oops, g1 gc, windows-amd64)
# No core dump will be written. Minidumps are not enabled by default on client versions of Windows
#

---------------  S U M M A R Y ------------

Command Line: org.jetbrains.git4idea.http.GitAskPassApp Username for 'https://github.com': 

Host: Intel(R) Core(TM) i5-8265U CPU @ 1.60GHz, 8 cores, 7G,  Windows 10 , 64 bit Build 19041 (10.0.19041.1503)
Time: Thu Mar 10 21:16:48 2022 US Eastern Standard Time elapsed time: 0.011864 seconds (0d 0h 0m 0s)

---------------  T H R E A D  ---------------

Current thread (0x000002225abac000):  JavaThread "Unknown thread" [_thread_in_vm, id=11928, stack(0x0000004a8ea00000,0x0000004a8eb00000)]

Stack: [0x0000004a8ea00000,0x0000004a8eb00000]
Native frames: (J=compiled Java code, j=interpreted, Vv=VM code, C=native code)
V  [jvm.dll+0x5ecfaa]
V  [jvm.dll+0x722bd5]
V  [jvm.dll+0x72412d]
V  [jvm.dll+0x7247e3]
V  [jvm.dll+0x242928]
V  [jvm.dll+0x5ea374]
V  [jvm.dll+0x5df425]
V  [jvm.dll+0x2fdebb]
V  [jvm.dll+0x2fde2a]
V  [jvm.dll+0x2fdd02]
V  [jvm.dll+0x302bf6]
V  [jvm.dll+0x34b2a3]
V  [jvm.dll+0x34b9a6]
V  [jvm.dll+0x34b3a3]
V  [jvm.dll+0x2d8888]
V  [jvm.dll+0x2d9a37]
V  [jvm.dll+0x701737]
V  [jvm.dll+0x702f2c]
V  [jvm.dll+0x3587d9]
V  [jvm.dll+0x6e4fae]
V  [jvm.dll+0x3c0be3]
V  [jvm.dll+0x3c2e91]
C  [jli.dll+0x5373]
C  [ucrtbase.dll+0x21bb2]
C  [KERNEL32.DLL+0x17034]
C  [ntdll.dll+0x52651]


---------------  P R O C E S S  ---------------

Threads class SMR info:
_java_thread_list=0x000002225a922470, length=0, elements={
}

Java Threads: ( => current thread )

Other Threads:
  0x000002225abc1800 GCTaskThread "GC Thread#0" [stack: 0x0000004a8eb00000,0x0000004a8ec00000] [id=17152]
  0x000002225abf5000 ConcurrentGCThread "G1 Main Marker" [stack: 0x0000004a8ec00000,0x0000004a8ed00000] [id=10272]
  0x000002225abf7800 ConcurrentGCThread "G1 Conc#0" [stack: 0x0000004a8ed00000,0x0000004a8ee00000] [id=6628]

[error occurred during error reporting (printing all threads), id 0xc0000005, EXCEPTION_ACCESS_VIOLATION (0xc0000005) at pc=0x00007ffe41e29107]

VM state:not at safepoint (not fully initialized)

VM Mutex/Monitor currently owned by a thread:  ([mutex/lock_event])
[0x000002225aba6a50] Heap_lock - owner thread: 0x000002225abac000

Heap address: 0x0000000081e00000, size: 2018 MB, Compressed Oops mode: Non-zero based: 0x0000000081e00000
Narrow klass base: 0x0000000000000000, Narrow klass shift: 0

GC Heap History (0 events):
No events

Deoptimization events (0 events):
No events

Classes redefined (0 events):
No events

Internal exceptions (0 events):
No events

Events (1 events):
Event: 0.007 Loaded shared library C:\Program Files\Android\Android Studio\jre\bin\zip.dll


Dynamic libraries:
0x00007ff742960000 - 0x00007ff74296a000 	C:\Program Files\Android\Android Studio\jre\bin\java.exe
0x00007ffe8a2d0000 - 0x00007ffe8a4c5000 	C:\WINDOWS\SYSTEM32\ntdll.dll
0x00007ffe89650000 - 0x00007ffe8970e000 	C:\WINDOWS\System32\KERNEL32.DLL
0x00007ffe87a30000 - 0x00007ffe87cf8000 	C:\WINDOWS\System32\KERNELBASE.dll
0x00007ffe87d00000 - 0x00007ffe87e00000 	C:\WINDOWS\System32\ucrtbase.dll
0x00007ffe7e290000 - 0x00007ffe7e2a9000 	C:\Program Files\Android\Android Studio\jre\bin\jli.dll
0x00007ffe7e2b0000 - 0x00007ffe7e2c7000 	C:\Program Files\Android\Android Studio\jre\bin\VCRUNTIME140.dll
0x00007ffe88600000 - 0x00007ffe887a0000 	C:\WINDOWS\System32\USER32.dll
0x00007ffe88240000 - 0x00007ffe88262000 	C:\WINDOWS\System32\win32u.dll
0x00007ffe88450000 - 0x00007ffe8847b000 	C:\WINDOWS\System32\GDI32.dll
0x00007ffe673d0000 - 0x00007ffe6766a000 	C:\WINDOWS\WinSxS\amd64_microsoft.windows.common-controls_6595b64144ccf1df_6.0.19041.1110_none_60b5254171f9507e\COMCTL32.dll
0x00007ffe87f60000 - 0x00007ffe8806d000 	C:\WINDOWS\System32\gdi32full.dll
0x00007ffe88800000 - 0x00007ffe8889e000 	C:\WINDOWS\System32\msvcrt.dll
0x00007ffe88070000 - 0x00007ffe8810d000 	C:\WINDOWS\System32\msvcp_win.dll
0x00007ffe89710000 - 0x00007ffe89740000 	C:\WINDOWS\System32\IMM32.DLL
0x00007ffe79f50000 - 0x00007ffe79fed000 	C:\Program Files\Android\Android Studio\jre\bin\msvcp140.dll
0x00007ffe41b40000 - 0x00007ffe4260f000 	C:\Program Files\Android\Android Studio\jre\bin\server\jvm.dll
0x00007ffe89880000 - 0x00007ffe8992e000 	C:\WINDOWS\System32\ADVAPI32.dll
0x00007ffe895b0000 - 0x00007ffe8964c000 	C:\WINDOWS\System32\sechost.dll
0x00007ffe88320000 - 0x00007ffe88445000 	C:\WINDOWS\System32\RPCRT4.dll
0x00007ffe89440000 - 0x00007ffe89448000 	C:\WINDOWS\System32\PSAPI.DLL
0x00007ffe7b650000 - 0x00007ffe7b659000 	C:\WINDOWS\SYSTEM32\WSOCK32.dll
0x00007ffe89740000 - 0x00007ffe897ab000 	C:\WINDOWS\System32\WS2_32.dll
0x00007ffe5dfe0000 - 0x00007ffe5e007000 	C:\WINDOWS\SYSTEM32\WINMM.dll
0x00007ffe7cf20000 - 0x00007ffe7cf2a000 	C:\WINDOWS\SYSTEM32\VERSION.dll
0x00007ffe86220000 - 0x00007ffe86232000 	C:\WINDOWS\SYSTEM32\kernel.appcore.dll
0x00007ffe6efe0000 - 0x00007ffe6eff1000 	C:\Program Files\Android\Android Studio\jre\bin\verify.dll
0x00007ffe857a0000 - 0x00007ffe85984000 	C:\WINDOWS\SYSTEM32\DBGHELP.DLL
0x00007ffe6dcf0000 - 0x00007ffe6dd1c000 	C:\WINDOWS\SYSTEM32\dbgcore.DLL
0x00007ffe88110000 - 0x00007ffe88192000 	C:\WINDOWS\System32\bcryptPrimitives.dll
0x00007ffe6ef70000 - 0x00007ffe6ef99000 	C:\Program Files\Android\Android Studio\jre\bin\java.dll
0x00007ffe6fd50000 - 0x00007ffe6fd5b000 	C:\Program Files\Android\Android Studio\jre\bin\jimage.dll
0x00007ffe6efc0000 - 0x00007ffe6efd8000 	C:\Program Files\Android\Android Studio\jre\bin\zip.dll

dbghelp: loaded successfully - version: 4.0.5 - missing functions: none
symbol engine: initialized successfully - sym options: 0x614 - pdb path: .;C:\Program Files\Android\Android Studio\jre\bin;C:\WINDOWS\SYSTEM32;C:\WINDOWS\WinSxS\amd64_microsoft.windows.common-controls_6595b64144ccf1df_6.0.19041.1110_none_60b5254171f9507e;C:\Program Files\Android\Android Studio\jre\bin\server

VM Arguments:
java_command: org.jetbrains.git4idea.http.GitAskPassApp Username for 'https://github.com': 
java_class_path (initial): C:/Program Files/Android/Android Studio/plugins/git4idea/lib/git4idea-rt.jar;C:/Program Files/Android/Android Studio/lib/xmlrpc-2.0.1.jar;C:/Program Files/Android/Android Studio/lib/commons-codec-1.14.jar
Launcher Type: SUN_STANDARD

[Global flags]
     intx CICompilerCount                          = 4                                         {product} {ergonomic}
     uint ConcGCThreads                            = 2                                         {product} {ergonomic}
     uint G1ConcRefinementThreads                  = 8                                         {product} {ergonomic}
   size_t G1HeapRegionSize                         = 1048576                                   {product} {ergonomic}
    uintx GCDrainStackTargetSize                   = 64                                        {product} {ergonomic}
   size_t InitialHeapSize                          = 134217728                                 {product} {ergonomic}
   size_t MarkStackSize                            = 4194304                                   {product} {ergonomic}
   size_t MaxHeapSize                              = 2116026368                                {product} {ergonomic}
   size_t MinHeapDeltaBytes                        = 1048576                                   {product} {ergonomic}
    uintx NonNMethodCodeHeapSize                   = 5836300                                {pd product} {ergonomic}
    uintx NonProfiledCodeHeapSize                  = 122910970                              {pd product} {ergonomic}
    uintx ProfiledCodeHeapSize                     = 122910970                              {pd product} {ergonomic}
    uintx ReservedCodeCacheSize                    = 251658240                              {pd product} {ergonomic}
     bool SegmentedCodeCache                       = true                                      {product} {ergonomic}
     bool UseCompressedClassPointers               = true                                 {lp64_product} {ergonomic}
     bool UseCompressedOops                        = true                                 {lp64_product} {ergonomic}
     bool UseG1GC                                  = true                                      {product} {ergonomic}
     bool UseLargePagesIndividualAllocation        = false                                  {pd product} {ergonomic}

Logging:
Log output configuration:
 #0: stdout all=warning uptime,level,tags
 #1: stderr all=off uptime,level,tags

Environment Variables:
JAVA_HOME=C:\Program Files\Java\jdk-11.0.13\bin;
CLASSPATH=C:\Program Files\Java\jdk1.8.0_202\lib\missioncontrol\plugins;
PATH=C:\Program Files\Git\mingw64\libexec\git-core;C:\Program Files\Git\mingw64\libexec\git-core;C:\Program Files\Git\mingw64\bin;C:\Program Files\Git\usr\bin;C:\Users\soham\bin;C:\Program Files\Common Files\Oracle\Java\javapath;C:\Program Files\Java\jdk1.8.0_202\bin;C:\Users\soham\AppData\Local\Microsoft\WindowsApps;C:\Program Files (x86)\mingw-w64\i686-8.1.0-posix-dwarf-rt_v6-rev0\mingw32\bin;C:\MinGW\bin;C:\Program Files\JetBrains\IntelliJ IDEA Community Edition 2020.2.1\bin;C:\Users\soham\AppData\Local\Programs\Microsoft VS Code\bin;C:\Program Files\Git\cmd;C:\python_install;C:\python_install\Scripts;C:\python_install\python.exe;C:\Program Files\MySQL\MySQL Shell 8.0\bin;C:\Program Files\Java\jdk1.8.0_202\bin;C:\Users\soham\AppData\Local\Microsoft\WindowsApps;C:\Program Files (x86)\mingw-w64\i686-8.1.0-posix-dwarf-rt_v6-rev0\mingw32\bin;C:\MinGW\bin;C:\Program Files\JetBrains\IntelliJ IDEA Community Edition 2020.2.1\bin;C:\Users\soham\AppData\Local\Programs\Microsoft VS Code\bin;C:\python_install
USERNAME=soham
DISPLAY=:0.0
LC_ALL=en_US.UTF-8
OS=Windows_NT
PROCESSOR_IDENTIFIER=Intel64 Family 6 Model 142 Stepping 12, GenuineIntel



---------------  S Y S T E M  ---------------

OS: Windows 10 , 64 bit Build 19041 (10.0.19041.1503)
OS uptime: 2 days 12:07 hours
Hyper-V role detected

CPU:total 8 (initial active 8) (4 cores per cpu, 2 threads per core) family 6 model 142 stepping 12 microcode 0xea, cmov, cx8, fxsr, mmx, sse, sse2, sse3, ssse3, sse4.1, sse4.2, popcnt, avx, avx2, aes, clmul, erms, 3dnowpref, lzcnt, ht, tsc, tscinvbit, bmi1, bmi2, adx, fma

Memory: 4k page, system-wide physical 8068M (686M free)
TotalPageFile size 11668M (AvailPageFile size 16M)
current process WorkingSet (physical memory assigned to process): 10M, peak: 10M
current process commit charge ("private bytes"): 59M, peak: 187M

vm_info: OpenJDK 64-Bit Server VM (11.0.10+0-b96-7249189) for windows-amd64 JRE (11.0.10+0-b96-7249189), built on Mar 31 2021 21:44:00 by "builder" with MS VC++ 14.0 (VS2015)

END.
